<?xml version="1.0" encoding="UTF-8"?>
<!-- Generated by org.testng.reporters.JUnitReportReporter -->
<testsuite hostname="QT-INBG-LT0847" failures="0" tests="2" name="Selendriod.selendriodTest" time="11.232" errors="0" timestamp="2023-06-26T21:58:49 IST" skipped="0">
  <testcase classname="Selendriod.selendriodTest" name="Display_ToastMSG" time="1.169"/>
  <system-out/>
  <testcase classname="Selendriod.selendriodTest" name="register_User" time="10.063"/>
  <system-out/>
</testsuite> <!-- Selendriod.selendriodTest -->
