<?xml version="1.0" encoding="UTF-8"?>
<!-- Generated by org.testng.reporters.JUnitReportReporter -->
<testsuite hostname="QT-INBG-LT0847" failures="0" tests="1" name="Selendriod.Selend" time="21.506" errors="0" timestamp="2023-05-31T11:37:14 IST" skipped="0">
  <testcase classname="Selendriod.Selend" name="change_theme" time="21.506"/>
  <system-out/>
</testsuite> <!-- Selendriod.Selend -->
